c:\quadris\zlib\zlib\release\vc120.pdb
c:\quadris\zlib\zlib\release\zutil.obj
c:\quadris\zlib\zlib\release\uncompr.obj
c:\quadris\zlib\zlib\release\trees.obj
c:\quadris\zlib\zlib\release\inftrees.obj
c:\quadris\zlib\zlib\release\inflate.obj
c:\quadris\zlib\zlib\release\inffast.obj
c:\quadris\zlib\zlib\release\infback.obj
c:\quadris\zlib\zlib\release\gzwrite.obj
c:\quadris\zlib\zlib\release\gzread.obj
c:\quadris\zlib\zlib\release\gzlib.obj
c:\quadris\zlib\zlib\release\gzclose.obj
c:\quadris\zlib\zlib\release\deflate.obj
c:\quadris\zlib\zlib\release\crc32.obj
c:\quadris\zlib\zlib\release\compress.obj
c:\quadris\zlib\zlib\release\adler32.obj
c:\quadris\release\zlib.lib
c:\quadris\zlib\zlib\release\zlib.tlog\cl.command.1.tlog
c:\quadris\zlib\zlib\release\zlib.tlog\cl.read.1.tlog
c:\quadris\zlib\zlib\release\zlib.tlog\cl.write.1.tlog
c:\quadris\zlib\zlib\release\zlib.tlog\lib-link.read.1.tlog
c:\quadris\zlib\zlib\release\zlib.tlog\lib-link.write.1.tlog
c:\quadris\zlib\zlib\release\zlib.tlog\lib.command.1.tlog
