Compilación iniciada a las 04/02/2015 21:15:59.
     1>Proyecto "C:\Quadris\zlib\Zlib\Zlib.vcxproj" en el nodo 2 (Rebuild destinos).
     1>ClCompile:
         C:\Program Files (x86)\Microsoft Visual Studio 12.0\VC\bin\CL.exe /c /Zi /nologo /W3 /WX- /O2 /Oi /Oy- /GL /D WIN32 /D NDEBUG /D _LIB /D _UNICODE /D UNICODE /Gm- /EHsc /MD /GS /Gy /fp:precise /Zc:wchar_t /Zc:forScope /Fo"Release\\" /Fd"Release\vc120.pdb" /Gd /TC /analyze- /errorReport:prompt ..\adler32.c ..\compress.c ..\crc32.c ..\deflate.c ..\gzclose.c ..\gzlib.c ..\gzread.c ..\gzwrite.c ..\infback.c ..\inffast.c ..\inflate.c ..\inftrees.c ..\trees.c ..\uncompr.c ..\zutil.c
         adler32.c
         compress.c
         crc32.c
         deflate.c
         gzclose.c
         gzlib.c
     1>..\gzlib.c(193): warning C4996: 'wcstombs': This function or variable may be unsafe. Consider using wcstombs_s instead. To disable deprecation, use _CRT_SECURE_NO_WARNINGS. See online help for details.
                 C:\Program Files (x86)\Microsoft Visual Studio 12.0\VC\include\stdlib.h(575) : vea la declaración de 'wcstombs'
     1>..\gzlib.c(208): warning C4996: 'wcstombs': This function or variable may be unsafe. Consider using wcstombs_s instead. To disable deprecation, use _CRT_SECURE_NO_WARNINGS. See online help for details.
                 C:\Program Files (x86)\Microsoft Visual Studio 12.0\VC\include\stdlib.h(575) : vea la declaración de 'wcstombs'
     1>..\gzlib.c(214): warning C4996: '_snprintf': This function or variable may be unsafe. Consider using _snprintf_s instead. To disable deprecation, use _CRT_SECURE_NO_WARNINGS. See online help for details.
                 C:\Program Files (x86)\Microsoft Visual Studio 12.0\VC\include\stdio.h(346) : vea la declaración de '_snprintf'
     1>..\gzlib.c(245): warning C4996: '_wopen': This function or variable may be unsafe. Consider using _wsopen_s instead. To disable deprecation, use _CRT_SECURE_NO_WARNINGS. See online help for details.
                 C:\Program Files (x86)\Microsoft Visual Studio 12.0\VC\include\io.h(274) : vea la declaración de '_wopen'
     1>..\gzlib.c(245): warning C4996: 'open': The POSIX name for this item is deprecated. Instead, use the ISO C++ conformant name: _open. See online help for details.
                 C:\Program Files (x86)\Microsoft Visual Studio 12.0\VC\include\io.h(336) : vea la declaración de 'open'
     1>..\gzlib.c(294): warning C4996: '_snprintf': This function or variable may be unsafe. Consider using _snprintf_s instead. To disable deprecation, use _CRT_SECURE_NO_WARNINGS. See online help for details.
                 C:\Program Files (x86)\Microsoft Visual Studio 12.0\VC\include\stdio.h(346) : vea la declaración de '_snprintf'
     1>..\gzlib.c(608): warning C4996: '_snprintf': This function or variable may be unsafe. Consider using _snprintf_s instead. To disable deprecation, use _CRT_SECURE_NO_WARNINGS. See online help for details.
                 C:\Program Files (x86)\Microsoft Visual Studio 12.0\VC\include\stdio.h(346) : vea la declaración de '_snprintf'
         gzread.c
     1>..\gzread.c(30): warning C4996: 'read': The POSIX name for this item is deprecated. Instead, use the ISO C++ conformant name: _read. See online help for details.
                 C:\Program Files (x86)\Microsoft Visual Studio 12.0\VC\include\io.h(337) : vea la declaración de 'read'
     1>..\gzread.c(36): warning C4996: 'strerror': This function or variable may be unsafe. Consider using strerror_s instead. To disable deprecation, use _CRT_SECURE_NO_WARNINGS. See online help for details.
                 C:\Program Files (x86)\Microsoft Visual Studio 12.0\VC\include\string.h(168) : vea la declaración de 'strerror'
     1>..\gzread.c(591): warning C4996: 'close': The POSIX name for this item is deprecated. Instead, use the ISO C++ conformant name: _close. See online help for details.
                 C:\Program Files (x86)\Microsoft Visual Studio 12.0\VC\include\io.h(326) : vea la declaración de 'close'
         gzwrite.c
     1>..\gzwrite.c(84): warning C4996: 'write': The POSIX name for this item is deprecated. Instead, use the ISO C++ conformant name: _write. See online help for details.
                 C:\Program Files (x86)\Microsoft Visual Studio 12.0\VC\include\io.h(342) : vea la declaración de 'write'
     1>..\gzwrite.c(86): warning C4996: 'strerror': This function or variable may be unsafe. Consider using strerror_s instead. To disable deprecation, use _CRT_SECURE_NO_WARNINGS. See online help for details.
                 C:\Program Files (x86)\Microsoft Visual Studio 12.0\VC\include\string.h(168) : vea la declaración de 'strerror'
     1>..\gzwrite.c(102): warning C4996: 'write': The POSIX name for this item is deprecated. Instead, use the ISO C++ conformant name: _write. See online help for details.
                 C:\Program Files (x86)\Microsoft Visual Studio 12.0\VC\include\io.h(342) : vea la declaración de 'write'
     1>..\gzwrite.c(103): warning C4996: 'strerror': This function or variable may be unsafe. Consider using strerror_s instead. To disable deprecation, use _CRT_SECURE_NO_WARNINGS. See online help for details.
                 C:\Program Files (x86)\Microsoft Visual Studio 12.0\VC\include\string.h(168) : vea la declaración de 'strerror'
     1>..\gzwrite.c(357): warning C4996: 'vsnprintf': This function or variable may be unsafe. Consider using vsnprintf_s instead. To disable deprecation, use _CRT_SECURE_NO_WARNINGS. See online help for details.
                 C:\Program Files (x86)\Microsoft Visual Studio 12.0\VC\include\stdio.h(337) : vea la declaración de 'vsnprintf'
     1>..\gzwrite.c(573): warning C4996: 'close': The POSIX name for this item is deprecated. Instead, use the ISO C++ conformant name: _close. See online help for details.
                 C:\Program Files (x86)\Microsoft Visual Studio 12.0\VC\include\io.h(326) : vea la declaración de 'close'
         infback.c
         inffast.c
         inflate.c
         inftrees.c
         trees.c
         uncompr.c
         zutil.c
       Lib:
         C:\Program Files (x86)\Microsoft Visual Studio 12.0\VC\bin\Lib.exe /OUT:"C:\Quadris\Release\Zlib.lib" /NOLOGO /LTCG Release\adler32.obj
         Release\compress.obj
         Release\crc32.obj
         Release\deflate.obj
         Release\gzclose.obj
         Release\gzlib.obj
         Release\gzread.obj
         Release\gzwrite.obj
         Release\infback.obj
         Release\inffast.obj
         Release\inflate.obj
         Release\inftrees.obj
         Release\trees.obj
         Release\uncompr.obj
         Release\zutil.obj
         Zlib.vcxproj -> C:\Quadris\Release\Zlib.lib
     1>Compilación del proyecto terminada "C:\Quadris\zlib\Zlib\Zlib.vcxproj" (Rebuild destinos).

Compilación correcta.

Tiempo transcurrido 00:00:02.22
