c:\quadris\glfw\build\src\glfw.dir\debug\vc120.pdb
c:\quadris\glfw\build\src\glfw.dir\debug\wgl_context.obj
c:\quadris\glfw\build\src\glfw.dir\debug\winmm_joystick.obj
c:\quadris\glfw\build\src\glfw.dir\debug\win32_window.obj
c:\quadris\glfw\build\src\glfw.dir\debug\win32_tls.obj
c:\quadris\glfw\build\src\glfw.dir\debug\win32_time.obj
c:\quadris\glfw\build\src\glfw.dir\debug\win32_monitor.obj
c:\quadris\glfw\build\src\glfw.dir\debug\win32_init.obj
c:\quadris\glfw\build\src\glfw.dir\debug\window.obj
c:\quadris\glfw\build\src\glfw.dir\debug\monitor.obj
c:\quadris\glfw\build\src\glfw.dir\debug\input.obj
c:\quadris\glfw\build\src\glfw.dir\debug\init.obj
c:\quadris\glfw\build\src\glfw.dir\debug\context.obj
c:\quadris\glfw\build\src\build\src\debug\glfw3.lib
c:\quadris\glfw\build\src\glfw.dir\debug\glfw.tlog\cl.command.1.tlog
c:\quadris\glfw\build\src\glfw.dir\debug\glfw.tlog\cl.read.1.tlog
c:\quadris\glfw\build\src\glfw.dir\debug\glfw.tlog\cl.write.1.tlog
c:\quadris\glfw\build\src\glfw.dir\debug\glfw.tlog\lib-link.read.1.tlog
c:\quadris\glfw\build\src\glfw.dir\debug\glfw.tlog\lib-link.write.1.tlog
c:\quadris\glfw\build\src\glfw.dir\debug\glfw.tlog\lib.command.1.tlog
