c:\quadris\lpng\libpng\debug\vc120.pdb
c:\quadris\lpng\libpng\debug\vc120.idb
c:\quadris\lpng\libpng\debug\example.obj
c:\quadris\lpng\libpng\debug\png.obj
c:\quadris\lpng\libpng\debug\pngerror.obj
c:\quadris\lpng\libpng\debug\pngget.obj
c:\quadris\lpng\libpng\debug\pngmem.obj
c:\quadris\lpng\libpng\debug\pngpread.obj
c:\quadris\lpng\libpng\debug\pngread.obj
c:\quadris\lpng\libpng\debug\pngrio.obj
c:\quadris\lpng\libpng\debug\pngrtran.obj
c:\quadris\lpng\libpng\debug\pngrutil.obj
c:\quadris\lpng\libpng\debug\pngset.obj
c:\quadris\lpng\libpng\debug\pngtrans.obj
c:\quadris\lpng\libpng\debug\pngwio.obj
c:\quadris\lpng\libpng\debug\pngwrite.obj
c:\quadris\lpng\libpng\debug\pngwtran.obj
c:\quadris\lpng\libpng\debug\pngwutil.obj
c:\quadris\debug\libpng.lib
c:\quadris\lpng\libpng\debug\libpng.tlog\cl.command.1.tlog
c:\quadris\lpng\libpng\debug\libpng.tlog\cl.read.1.tlog
c:\quadris\lpng\libpng\debug\libpng.tlog\cl.write.1.tlog
c:\quadris\lpng\libpng\debug\libpng.tlog\lib-link.read.1.tlog
c:\quadris\lpng\libpng\debug\libpng.tlog\lib-link.write.1.tlog
c:\quadris\lpng\libpng\debug\libpng.tlog\lib.command.1.tlog
