c:\quadris\lpng\libpng\release\vc120.pdb
c:\quadris\lpng\libpng\release\pngwutil.obj
c:\quadris\lpng\libpng\release\pngwtran.obj
c:\quadris\lpng\libpng\release\pngwrite.obj
c:\quadris\lpng\libpng\release\pngwio.obj
c:\quadris\lpng\libpng\release\pngtrans.obj
c:\quadris\lpng\libpng\release\pngtest.obj
c:\quadris\lpng\libpng\release\pngset.obj
c:\quadris\lpng\libpng\release\pngrutil.obj
c:\quadris\lpng\libpng\release\pngrtran.obj
c:\quadris\lpng\libpng\release\pngrio.obj
c:\quadris\lpng\libpng\release\pngread.obj
c:\quadris\lpng\libpng\release\pngpread.obj
c:\quadris\lpng\libpng\release\pngmem.obj
c:\quadris\lpng\libpng\release\pngget.obj
c:\quadris\lpng\libpng\release\pngerror.obj
c:\quadris\lpng\libpng\release\png.obj
c:\quadris\lpng\libpng\release\example.obj
c:\quadris\release\libpng.lib
c:\quadris\lpng\libpng\release\libpng.tlog\cl.command.1.tlog
c:\quadris\lpng\libpng\release\libpng.tlog\cl.read.1.tlog
c:\quadris\lpng\libpng\release\libpng.tlog\cl.write.1.tlog
c:\quadris\lpng\libpng\release\libpng.tlog\lib-link.read.1.tlog
c:\quadris\lpng\libpng\release\libpng.tlog\lib-link.write.1.tlog
c:\quadris\lpng\libpng\release\libpng.tlog\lib.command.1.tlog
