c:\quadris\zlib\zlib\debug\vc120.pdb
c:\quadris\zlib\zlib\debug\vc120.idb
c:\quadris\zlib\zlib\debug\adler32.obj
c:\quadris\zlib\zlib\debug\compress.obj
c:\quadris\zlib\zlib\debug\crc32.obj
c:\quadris\zlib\zlib\debug\deflate.obj
c:\quadris\zlib\zlib\debug\gzclose.obj
c:\quadris\zlib\zlib\debug\gzlib.obj
c:\quadris\zlib\zlib\debug\gzread.obj
c:\quadris\zlib\zlib\debug\gzwrite.obj
c:\quadris\zlib\zlib\debug\infback.obj
c:\quadris\zlib\zlib\debug\inffast.obj
c:\quadris\zlib\zlib\debug\inflate.obj
c:\quadris\zlib\zlib\debug\inftrees.obj
c:\quadris\zlib\zlib\debug\trees.obj
c:\quadris\zlib\zlib\debug\uncompr.obj
c:\quadris\zlib\zlib\debug\zutil.obj
c:\quadris\debug\zlib.lib
c:\quadris\zlib\zlib\debug\zlib.tlog\cl.command.1.tlog
c:\quadris\zlib\zlib\debug\zlib.tlog\cl.read.1.tlog
c:\quadris\zlib\zlib\debug\zlib.tlog\cl.write.1.tlog
c:\quadris\zlib\zlib\debug\zlib.tlog\lib-link.read.1.tlog
c:\quadris\zlib\zlib\debug\zlib.tlog\lib-link.write.1.tlog
c:\quadris\zlib\zlib\debug\zlib.tlog\lib.command.1.tlog
