c:\quadris\quadris\debug\vc120.pdb
c:\quadris\quadris\debug\vc120.idb
c:\quadris\quadris\debug\fixedpipeline.obj
c:\quadris\quadris\debug\floatingtext.obj
c:\quadris\quadris\debug\font.obj
c:\quadris\quadris\debug\fontmanager.obj
c:\quadris\quadris\debug\gason.obj
c:\quadris\quadris\debug\image.obj
c:\quadris\quadris\debug\model2d.obj
c:\quadris\quadris\debug\platformengine.obj
c:\quadris\quadris\debug\powermanager.obj
c:\quadris\quadris\debug\quadmanager.obj
c:\quadris\quadris\debug\quadrandombag.obj
c:\quadris\quadris\debug\quadris.obj
c:\quadris\quadris\debug\savemanager.obj
c:\quadris\quadris\debug\securememory.obj
c:\quadris\quadris\debug\statestack.obj
c:\quadris\quadris\debug\storeitemmanager.obj
c:\quadris\quadris\debug\stringmanager.obj
c:\quadris\quadris\debug\_android.obj
c:\quadris\quadris\debug\_win32.obj
c:\quadris\quadris\debug\quad.obj
c:\quadris\quadris\debug\achievementmanager.obj
c:\quadris\quadris\debug\ai.obj
c:\quadris\quadris\debug\atlas.obj
c:\quadris\quadris\debug\buttonui.obj
c:\quadris\quadris\debug\colormanager.obj
c:\quadris\quadris\debug\engine.obj
c:\quadris\debug\quadris.ilk
c:\quadris\debug\quadris.exe
c:\quadris\debug\quadris.pdb
c:\quadris\quadris\debug\quadris.tlog\cl.command.1.tlog
c:\quadris\quadris\debug\quadris.tlog\cl.read.1.tlog
c:\quadris\quadris\debug\quadris.tlog\cl.write.1.tlog
c:\quadris\quadris\debug\quadris.tlog\link.command.1.tlog
c:\quadris\quadris\debug\quadris.tlog\link.read.1.tlog
c:\quadris\quadris\debug\quadris.tlog\link.write.1.tlog
