--------------------
./configure
Tue Feb  3 22:34:10 GMT 2015
Checking for gcc...
=== ztest2952.c ===
extern int getchar();
int hello() {return getchar();}
===
gcc -c ztest2952.c
./configure: line 165: gcc: command not found
... using cc

Checking for obsessive-compulsive compiler options...
=== ztest2952.c ===
int foo() { return 0; }
===
cc -c -O ztest2952.c
./configure: line 343: cc: command not found
(exit code 127)
Compiler error reporting is too harsh for ./configure (perhaps remove -Werror).
** ./configure aborting.
--------------------


